[2012-05-30 19:49:31] security.DEBUG: Read SecurityContext from the session [] []
[2012-05-30 19:49:31] security.DEBUG: Reloading user from user provider. [] []
[2012-05-30 19:49:31] security.DEBUG: Username "admin" was reloaded from user provider. [] []
[2012-05-30 19:49:31] request.ERROR: Symfony\Component\HttpKernel\Exception\NotFoundHttpException: No route found for "GET /" (uncaught exception) at /Users/leninux/Sites/symfony/vendor/symfony/src/Symfony/Bundle/FrameworkBundle/EventListener/RouterListener.php line 83 [] []
[2012-05-30 19:49:31] security.DEBUG: Write SecurityContext in the session [] []
[2012-05-30 19:53:52] security.DEBUG: Read SecurityContext from the session [] []
[2012-05-30 19:53:52] security.DEBUG: Reloading user from user provider. [] []
[2012-05-30 19:53:52] security.DEBUG: Username "admin" was reloaded from user provider. [] []
[2012-05-30 19:53:52] request.ERROR: Symfony\Component\HttpKernel\Exception\NotFoundHttpException: No route found for "GET /" (uncaught exception) at /Users/leninux/Sites/symfony/vendor/symfony/src/Symfony/Bundle/FrameworkBundle/EventListener/RouterListener.php line 83 [] []
[2012-05-30 19:53:52] security.DEBUG: Write SecurityContext in the session [] []
[2012-05-30 19:58:28] security.DEBUG: Read SecurityContext from the session [] []
[2012-05-30 19:58:28] security.DEBUG: Reloading user from user provider. [] []
[2012-05-30 19:58:28] security.DEBUG: Username "admin" was reloaded from user provider. [] []
[2012-05-30 19:58:28] request.ERROR: Symfony\Component\HttpKernel\Exception\NotFoundHttpException: No route found for "GET /" (uncaught exception) at /Users/leninux/Sites/symfony/app/cache/prod/classes.php line 4564 [] []
[2012-05-30 19:58:29] security.DEBUG: Write SecurityContext in the session [] []
[2012-05-30 19:59:06] security.DEBUG: Read SecurityContext from the session [] []
[2012-05-30 19:59:06] security.DEBUG: Reloading user from user provider. [] []
[2012-05-30 19:59:06] security.DEBUG: Username "admin" was reloaded from user provider. [] []
[2012-05-30 19:59:06] request.ERROR: Symfony\Component\HttpKernel\Exception\NotFoundHttpException: No route found for "GET /" (uncaught exception) at /Users/leninux/Sites/symfony/app/cache/prod/classes.php line 4564 [] []
[2012-05-30 19:59:06] security.DEBUG: Write SecurityContext in the session [] []
[2012-06-02 01:59:29] security.INFO: Populated SecurityContext with an anonymous Token [] []
[2012-06-02 01:59:29] request.ERROR: Symfony\Component\HttpKernel\Exception\NotFoundHttpException: No route found for "GET /" (uncaught exception) at /Users/leninux/Sites/symfony/app/cache/prod/classes.php line 4564 [] []
[2012-06-02 02:40:47] security.INFO: Populated SecurityContext with an anonymous Token [] []
[2012-06-02 02:40:47] request.ERROR: Symfony\Component\HttpKernel\Exception\NotFoundHttpException: No route found for "GET /bundles/RedRudeBoyHowMany/css/demo.css" (uncaught exception) at /Users/leninux/Sites/symfony/app/cache/prod/classes.php line 4564 [] []
[2012-06-02 02:40:47] security.INFO: Populated SecurityContext with an anonymous Token [] []
[2012-06-02 02:40:47] request.ERROR: Symfony\Component\HttpKernel\Exception\NotFoundHttpException: No route found for "GET /bundles/RedRudeBoyHowMany/images/logo.gif" (uncaught exception) at /Users/leninux/Sites/symfony/app/cache/prod/classes.php line 4564 [] []
[2012-06-02 02:41:09] security.INFO: Populated SecurityContext with an anonymous Token [] []
[2012-06-02 02:41:09] request.ERROR: Symfony\Component\HttpKernel\Exception\NotFoundHttpException: No route found for "GET /bundles/RedRudeBoyHowMany/css/demo.css" (uncaught exception) at /Users/leninux/Sites/symfony/app/cache/prod/classes.php line 4564 [] []
[2012-06-02 02:41:09] security.INFO: Populated SecurityContext with an anonymous Token [] []
[2012-06-02 02:41:09] request.ERROR: Symfony\Component\HttpKernel\Exception\NotFoundHttpException: No route found for "GET /bundles/RedRudeBoyHowMany/images/logo.gif" (uncaught exception) at /Users/leninux/Sites/symfony/app/cache/prod/classes.php line 4564 [] []
[2012-06-02 09:39:47] security.INFO: Populated SecurityContext with an anonymous Token [] []
[2012-06-02 09:39:47] request.ERROR: Symfony\Component\HttpKernel\Exception\NotFoundHttpException: No route found for "GET /bundles/RedRudeBoyHowManyBundle/css/demo.css" (uncaught exception) at /Users/leninux/Sites/symfony/app/cache/prod/classes.php line 4564 [] []
[2012-06-02 11:45:09] security.INFO: Populated SecurityContext with an anonymous Token [] []
[2012-06-02 11:45:09] request.ERROR: Symfony\Component\HttpKernel\Exception\NotFoundHttpException: No route found for "GET /" (uncaught exception) at /Users/leninux/Sites/symfony/app/cache/prod/classes.php line 4564 [] []
[2012-06-02 11:49:12] security.INFO: Populated SecurityContext with an anonymous Token [] []
[2012-06-02 11:49:12] request.ERROR: Symfony\Component\HttpKernel\Exception\NotFoundHttpException: No route found for "GET /" (uncaught exception) at /Users/leninux/Sites/symfony/app/cache/prod/classes.php line 4564 [] []
[2012-06-10 13:21:47] security.INFO: Populated SecurityContext with an anonymous Token [] []
[2012-06-10 13:21:47] request.ERROR: Symfony\Component\HttpKernel\Exception\NotFoundHttpException: No route found for "GET /" (uncaught exception) at /Users/leninux/Sites/symfony/app/cache/prod/classes.php line 4564 [] []
[2012-06-10 20:40:54] security.INFO: Populated SecurityContext with an anonymous Token [] []
[2012-06-10 20:40:54] request.ERROR: Symfony\Component\HttpKernel\Exception\NotFoundHttpException: No route found for "GET /" (uncaught exception) at /Users/leninux/Sites/symfony/app/cache/prod/classes.php line 4564 [] []
[2012-06-10 20:41:00] security.INFO: Populated SecurityContext with an anonymous Token [] []
[2012-06-10 20:41:00] request.ERROR: Symfony\Component\HttpKernel\Exception\NotFoundHttpException: No route found for "GET /" (uncaught exception) at /Users/leninux/Sites/symfony/app/cache/prod/classes.php line 4564 [] []
[2012-06-10 20:41:03] security.INFO: Populated SecurityContext with an anonymous Token [] []
[2012-06-10 20:41:03] request.ERROR: Symfony\Component\HttpKernel\Exception\NotFoundHttpException: No route found for "GET /" (uncaught exception) at /Users/leninux/Sites/symfony/app/cache/prod/classes.php line 4564 [] []
[2012-06-10 20:46:48] security.INFO: Populated SecurityContext with an anonymous Token [] []
[2012-06-10 20:46:48] request.ERROR: Symfony\Component\HttpKernel\Exception\NotFoundHttpException: No route found for "GET /" (uncaught exception) at /Users/leninux/Sites/symfony/app/cache/prod/classes.php line 4564 [] []
[2012-06-10 20:46:52] security.INFO: Populated SecurityContext with an anonymous Token [] []
[2012-06-10 20:46:52] request.ERROR: Symfony\Component\HttpKernel\Exception\NotFoundHttpException: No route found for "GET /" (uncaught exception) at /Users/leninux/Sites/symfony/app/cache/prod/classes.php line 4564 [] []
[2012-06-10 20:47:05] security.INFO: Populated SecurityContext with an anonymous Token [] []
[2012-06-10 20:47:05] request.ERROR: Symfony\Component\HttpKernel\Exception\NotFoundHttpException: No route found for "GET /checkUpdates" (uncaught exception) at /Users/leninux/Sites/symfony/app/cache/prod/classes.php line 4564 [] []
[2012-06-10 20:47:20] security.INFO: Populated SecurityContext with an anonymous Token [] []
[2012-06-10 20:47:20] request.ERROR: Symfony\Component\HttpKernel\Exception\NotFoundHttpException: No route found for "GET /checkUpdates/fsd" (uncaught exception) at /Users/leninux/Sites/symfony/app/cache/prod/classes.php line 4564 [] []
[2012-06-10 20:47:28] security.INFO: Populated SecurityContext with an anonymous Token [] []
[2012-06-10 20:47:28] request.INFO: Matched route "login" (parameters: "_controller": "AcmeSecurityBundle:Security:login", "_route": "login") [] []
[2012-06-10 20:47:28] request.CRITICAL: InvalidArgumentException: Bundle "AcmeSecurityBundle" does not exist or it is not enabled. Maybe you forgot to add it in the registerBundles() function of your AppKernel.php file? (uncaught exception) at /Users/leninux/Sites/symfony/app/bootstrap.php.cache line 583 [] []
[2012-06-10 20:48:25] security.INFO: Populated SecurityContext with an anonymous Token [] []
[2012-06-10 20:48:25] request.INFO: Matched route "login" (parameters: "_controller": "AcmeSecurityBundle:Security:login", "_route": "login") [] []
[2012-06-10 20:48:25] request.CRITICAL: InvalidArgumentException: Bundle "AcmeSecurityBundle" does not exist or it is not enabled. Maybe you forgot to add it in the registerBundles() function of your AppKernel.php file? (uncaught exception) at /Users/leninux/Sites/symfony/app/bootstrap.php.cache line 583 [] []
[2012-06-10 20:48:37] security.INFO: Populated SecurityContext with an anonymous Token [] []
[2012-06-10 20:48:37] request.INFO: Matched route "login" (parameters: "_controller": "AcmeSecurityBundle:Security:login", "_route": "login") [] []
[2012-06-10 20:48:37] request.CRITICAL: InvalidArgumentException: Bundle "AcmeSecurityBundle" does not exist or it is not enabled. Maybe you forgot to add it in the registerBundles() function of your AppKernel.php file? (uncaught exception) at /Users/leninux/Sites/symfony/app/bootstrap.php.cache line 583 [] []
[2012-06-10 20:48:39] security.INFO: Populated SecurityContext with an anonymous Token [] []
[2012-06-10 20:48:39] request.ERROR: Symfony\Component\HttpKernel\Exception\NotFoundHttpException: No route found for "GET /" (uncaught exception) at /Users/leninux/Sites/symfony/app/cache/prod/classes.php line 4564 [] []
[2012-06-10 20:48:45] security.INFO: Populated SecurityContext with an anonymous Token [] []
[2012-06-10 20:48:45] request.ERROR: Symfony\Component\HttpKernel\Exception\NotFoundHttpException: No route found for "GET /" (uncaught exception) at /Users/leninux/Sites/symfony/app/cache/prod/classes.php line 4564 [] []
[2012-06-10 20:51:32] security.INFO: Populated SecurityContext with an anonymous Token [] []
[2012-06-10 20:51:32] request.ERROR: Symfony\Component\HttpKernel\Exception\NotFoundHttpException: No route found for "GET /" (uncaught exception) at /Users/leninux/Sites/symfony/app/cache/prod/classes.php line 4564 [] []
[2012-06-10 21:13:11] security.INFO: Populated SecurityContext with an anonymous Token [] []
[2012-06-10 21:13:11] request.ERROR: Symfony\Component\HttpKernel\Exception\NotFoundHttpException: No route found for "GET /" (uncaught exception) at /Users/leninux/Sites/symfony/app/cache/prod/classes.php line 4564 [] []
[2012-06-10 21:13:14] security.INFO: Populated SecurityContext with an anonymous Token [] []
[2012-06-10 21:13:14] request.ERROR: Symfony\Component\HttpKernel\Exception\NotFoundHttpException: No route found for "GET /" (uncaught exception) at /Users/leninux/Sites/symfony/app/cache/prod/classes.php line 4564 [] []
[2012-06-10 21:24:06] security.INFO: Populated SecurityContext with an anonymous Token [] []
[2012-06-10 21:24:06] request.ERROR: Symfony\Component\HttpKernel\Exception\NotFoundHttpException: No route found for "GET /Resources/public/jQuery/themes/jquerymobile/images/ajax-loader.gif" (uncaught exception) at /Users/leninux/Sites/symfony/app/cache/prod/classes.php line 4564 [] []
[2012-06-10 21:24:07] security.INFO: Populated SecurityContext with an anonymous Token [] []
[2012-06-10 21:24:07] request.ERROR: Symfony\Component\HttpKernel\Exception\NotFoundHttpException: No route found for "GET /Resources/public/jQuery/themes/jquerymobile/images/icons-18-white.png" (uncaught exception) at /Users/leninux/Sites/symfony/app/cache/prod/classes.php line 4564 [] []
[2012-06-10 21:24:41] security.INFO: Populated SecurityContext with an anonymous Token [] []
[2012-06-10 21:24:41] request.ERROR: Symfony\Component\HttpKernel\Exception\NotFoundHttpException: No route found for "GET /Resources/public/jQuery/themes/jquerymobile/images/icons-18-white.png" (uncaught exception) at /Users/leninux/Sites/symfony/app/cache/prod/classes.php line 4564 [] []
[2012-06-10 21:24:41] security.INFO: Populated SecurityContext with an anonymous Token [] []
[2012-06-10 21:24:41] request.ERROR: Symfony\Component\HttpKernel\Exception\NotFoundHttpException: No route found for "GET /Resources/public/jQuery/themes/jquerymobile/images/ajax-loader.gif" (uncaught exception) at /Users/leninux/Sites/symfony/app/cache/prod/classes.php line 4564 [] []
[2012-06-10 21:28:59] security.INFO: Populated SecurityContext with an anonymous Token [] []
[2012-06-10 21:28:59] request.ERROR: Symfony\Component\HttpKernel\Exception\NotFoundHttpException: No route found for "GET /Resources/public/jQuery/themes/jquerymobile/images/icons-18-white.png" (uncaught exception) at /Users/leninux/Sites/symfony/app/cache/prod/classes.php line 4564 [] []
[2012-06-10 21:28:59] security.INFO: Populated SecurityContext with an anonymous Token [] []
[2012-06-10 21:28:59] request.ERROR: Symfony\Component\HttpKernel\Exception\NotFoundHttpException: No route found for "GET /Resources/public/jQuery/themes/jquerymobile/images/ajax-loader.gif" (uncaught exception) at /Users/leninux/Sites/symfony/app/cache/prod/classes.php line 4564 [] []
[2012-06-10 21:29:16] security.INFO: Populated SecurityContext with an anonymous Token [] []
[2012-06-10 21:29:16] request.ERROR: Symfony\Component\HttpKernel\Exception\NotFoundHttpException: No route found for "GET /Resources/public/jQuery/themes/jquerymobile/images/ajax-loader.gif" (uncaught exception) at /Users/leninux/Sites/symfony/app/cache/prod/classes.php line 4564 [] []
[2012-06-10 21:29:24] security.INFO: Populated SecurityContext with an anonymous Token [] []
[2012-06-10 21:29:24] request.ERROR: Symfony\Component\HttpKernel\Exception\NotFoundHttpException: No route found for "GET /Resources/public/jQuery/themes/jquerymobile/images/ajax-loader.gif" (uncaught exception) at /Users/leninux/Sites/symfony/app/cache/prod/classes.php line 4564 [] []
[2012-06-10 21:30:10] security.INFO: Populated SecurityContext with an anonymous Token [] []
[2012-06-10 21:30:10] request.ERROR: Symfony\Component\HttpKernel\Exception\NotFoundHttpException: No route found for "GET /Resources/public/jQuery/themes/jquerymobile/images/ajax-loader.gif" (uncaught exception) at /Users/leninux/Sites/symfony/app/cache/prod/classes.php line 4564 [] []
[2012-06-10 21:30:13] security.INFO: Populated SecurityContext with an anonymous Token [] []
[2012-06-10 21:30:13] request.ERROR: Symfony\Component\HttpKernel\Exception\NotFoundHttpException: No route found for "GET /Resources/public/jQuery/themes/jquerymobile/images/ajax-loader.gif" (uncaught exception) at /Users/leninux/Sites/symfony/app/cache/prod/classes.php line 4564 [] []
[2012-06-10 21:30:18] security.INFO: Populated SecurityContext with an anonymous Token [] []
[2012-06-10 21:30:18] request.ERROR: Symfony\Component\HttpKernel\Exception\NotFoundHttpException: No route found for "GET /Resources/public/jQuery/themes/jquerymobile/images/icons-18-white.png" (uncaught exception) at /Users/leninux/Sites/symfony/app/cache/prod/classes.php line 4564 [] []
[2012-06-10 21:30:24] security.INFO: Populated SecurityContext with an anonymous Token [] []
[2012-06-10 21:30:24] request.ERROR: Symfony\Component\HttpKernel\Exception\NotFoundHttpException: No route found for "GET /Resources/public/jQuery/themes/jquerymobile/images/ajax-loader.gif" (uncaught exception) at /Users/leninux/Sites/symfony/app/cache/prod/classes.php line 4564 [] []
[2012-06-11 00:58:28] security.INFO: Populated SecurityContext with an anonymous Token [] []
[2012-06-11 00:58:28] request.ERROR: Symfony\Component\HttpKernel\Exception\NotFoundHttpException: No route found for "GET /bundles/RedRudeBoyHowManyBundle/css/demo.css" (uncaught exception) at /Users/leninux/Sites/symfony/app/cache/prod/classes.php line 4564 [] []
[2012-06-11 01:32:44] security.INFO: Populated SecurityContext with an anonymous Token [] []
[2012-06-11 01:32:44] request.ERROR: Symfony\Component\HttpKernel\Exception\NotFoundHttpException: No route found for "GET /Resources/public/jQuery/themes/jquerymobile/images/ajax-loader.gif" (uncaught exception) at /Users/leninux/Sites/symfony/app/cache/prod/classes.php line 4564 [] []
[2012-06-11 20:32:19] security.INFO: Populated SecurityContext with an anonymous Token [] []
[2012-06-11 20:32:19] request.ERROR: Symfony\Component\HttpKernel\Exception\NotFoundHttpException: No route found for "GET /Resources/public/jQuery/themes/jquerymobile/images/ajax-loader.gif" (uncaught exception) at /Users/leninux/Sites/symfony/app/cache/prod/classes.php line 4564 [] []
[2012-06-12 20:52:53] security.INFO: Populated SecurityContext with an anonymous Token [] []
[2012-06-12 20:52:53] request.ERROR: Symfony\Component\HttpKernel\Exception\NotFoundHttpException: No route found for "GET /Resources/public/jQuery/themes/jquerymobile/images/ajax-loader.gif" (uncaught exception) at /Users/leninux/Sites/symfony/app/cache/prod/classes.php line 4564 [] []
[2012-06-12 20:52:53] security.INFO: Populated SecurityContext with an anonymous Token [] []
[2012-06-12 20:52:53] request.ERROR: Symfony\Component\HttpKernel\Exception\NotFoundHttpException: No route found for "GET /Resources/public/jQuery/themes/jquerymobile/images/icons-18-white.png" (uncaught exception) at /Users/leninux/Sites/symfony/app/cache/prod/classes.php line 4564 [] []
[2012-06-12 20:53:13] security.INFO: Populated SecurityContext with an anonymous Token [] []
[2012-06-12 20:53:13] request.ERROR: Symfony\Component\HttpKernel\Exception\NotFoundHttpException: No route found for "GET /Resources/public/jQuery/themes/jquerymobile/images/ajax-loader.gif" (uncaught exception) at /Users/leninux/Sites/symfony/app/cache/prod/classes.php line 4564 [] []
[2012-06-13 13:15:02] security.INFO: Populated SecurityContext with an anonymous Token [] []
[2012-06-13 13:15:02] request.ERROR: Symfony\Component\HttpKernel\Exception\NotFoundHttpException: No route found for "GET /images/album-bb.jpg" (uncaught exception) at /Users/leninux/Sites/symfony/app/cache/prod/classes.php line 4564 [] []
[2012-06-13 13:15:03] security.INFO: Populated SecurityContext with an anonymous Token [] []
[2012-06-13 13:15:03] request.ERROR: Symfony\Component\HttpKernel\Exception\NotFoundHttpException: No route found for "GET /Resources/public/jQuery/themes/jquerymobile/images/icons-18-white.png" (uncaught exception) at /Users/leninux/Sites/symfony/app/cache/prod/classes.php line 4564 [] []
[2012-06-13 13:15:03] security.INFO: Populated SecurityContext with an anonymous Token [] []
[2012-06-13 13:15:03] request.ERROR: Symfony\Component\HttpKernel\Exception\NotFoundHttpException: No route found for "GET /Resources/public/jQuery/themes/jquerymobile/images/ajax-loader.gif" (uncaught exception) at /Users/leninux/Sites/symfony/app/cache/prod/classes.php line 4564 [] []
[2012-06-13 13:18:25] security.INFO: Populated SecurityContext with an anonymous Token [] []
[2012-06-13 13:18:25] request.ERROR: Symfony\Component\HttpKernel\Exception\NotFoundHttpException: No route found for "GET /Resources/public/jQuery/themes/jquerymobile/images/ajax-loader.gif" (uncaught exception) at /Users/leninux/Sites/symfony/app/cache/prod/classes.php line 4564 [] []
[2012-06-13 13:18:25] security.INFO: Populated SecurityContext with an anonymous Token [] []
[2012-06-13 13:18:25] request.ERROR: Symfony\Component\HttpKernel\Exception\NotFoundHttpException: No route found for "GET /images/album-bb.jpg" (uncaught exception) at /Users/leninux/Sites/symfony/app/cache/prod/classes.php line 4564 [] []
[2012-06-13 13:18:25] security.INFO: Populated SecurityContext with an anonymous Token [] []
[2012-06-13 13:18:25] request.ERROR: Symfony\Component\HttpKernel\Exception\NotFoundHttpException: No route found for "GET /Resources/public/jQuery/themes/jquerymobile/images/icons-18-white.png" (uncaught exception) at /Users/leninux/Sites/symfony/app/cache/prod/classes.php line 4564 [] []
[2012-06-13 13:18:44] security.INFO: Populated SecurityContext with an anonymous Token [] []
[2012-06-13 13:18:44] request.ERROR: Symfony\Component\HttpKernel\Exception\NotFoundHttpException: No route found for "GET /Resources/public/jQuery/themes/jquerymobile/images/ajax-loader.gif" (uncaught exception) at /Users/leninux/Sites/symfony/app/cache/prod/classes.php line 4564 [] []
[2012-06-13 13:19:51] security.INFO: Populated SecurityContext with an anonymous Token [] []
[2012-06-13 13:19:51] request.ERROR: Symfony\Component\HttpKernel\Exception\NotFoundHttpException: No route found for "GET /bundles/Resources/public/jQuery/themes/jquerymobile/images/ajax-loader.gif" (uncaught exception) at /Users/leninux/Sites/symfony/app/cache/prod/classes.php line 4564 [] []
[2012-06-14 20:53:15] security.INFO: Populated SecurityContext with an anonymous Token [] []
[2012-06-14 20:53:15] request.ERROR: Symfony\Component\HttpKernel\Exception\NotFoundHttpException: No route found for "GET /Resources/public/jQuery/themes/jquerymobile/images/ajax-loader.gif" (uncaught exception) at /Users/leninux/Sites/symfony/app/cache/prod/classes.php line 4564 [] []
[2012-06-14 20:53:41] security.INFO: Populated SecurityContext with an anonymous Token [] []
[2012-06-14 20:53:41] request.ERROR: Symfony\Component\HttpKernel\Exception\NotFoundHttpException: No route found for "GET /Resources/public/jQuery/themes/jquerymobile/images/ajax-loader.gif" (uncaught exception) at /Users/leninux/Sites/symfony/app/cache/prod/classes.php line 4564 [] []
[2012-06-14 20:53:44] security.INFO: Populated SecurityContext with an anonymous Token [] []
[2012-06-14 20:53:44] request.ERROR: Symfony\Component\HttpKernel\Exception\NotFoundHttpException: No route found for "GET /Resources/public/jQuery/themes/jquerymobile/images/ajax-loader.gif" (uncaught exception) at /Users/leninux/Sites/symfony/app/cache/prod/classes.php line 4564 [] []
[2012-06-14 20:53:45] security.INFO: Populated SecurityContext with an anonymous Token [] []
[2012-06-14 20:53:45] request.ERROR: Symfony\Component\HttpKernel\Exception\NotFoundHttpException: No route found for "GET /images/album-bb.jpg" (uncaught exception) at /Users/leninux/Sites/symfony/app/cache/prod/classes.php line 4564 [] []
[2012-06-14 20:53:45] security.INFO: Populated SecurityContext with an anonymous Token [] []
[2012-06-14 20:53:45] request.ERROR: Symfony\Component\HttpKernel\Exception\NotFoundHttpException: No route found for "GET /Resources/public/jQuery/themes/jquerymobile/images/icons-18-white.png" (uncaught exception) at /Users/leninux/Sites/symfony/app/cache/prod/classes.php line 4564 [] []
[2012-06-14 20:54:41] security.INFO: Populated SecurityContext with an anonymous Token [] []
[2012-06-14 20:54:41] request.ERROR: Symfony\Component\HttpKernel\Exception\NotFoundHttpException: No route found for "GET /" (uncaught exception) at /Users/leninux/Sites/symfony/app/cache/prod/classes.php line 4564 [] []
[2012-06-14 20:55:01] security.INFO: Populated SecurityContext with an anonymous Token [] []
[2012-06-14 20:55:01] request.ERROR: Symfony\Component\HttpKernel\Exception\NotFoundHttpException: No route found for "GET /images/album-bb.jpg" (uncaught exception) at /Users/leninux/Sites/symfony/app/cache/prod/classes.php line 4564 [] []
[2012-06-14 20:55:01] security.INFO: Populated SecurityContext with an anonymous Token [] []
[2012-06-14 20:55:01] request.ERROR: Symfony\Component\HttpKernel\Exception\NotFoundHttpException: No route found for "GET /Resources/public/jQuery/themes/jquerymobile/images/ajax-loader.gif" (uncaught exception) at /Users/leninux/Sites/symfony/app/cache/prod/classes.php line 4564 [] []
[2012-06-14 20:55:02] security.INFO: Populated SecurityContext with an anonymous Token [] []
[2012-06-14 20:55:02] request.ERROR: Symfony\Component\HttpKernel\Exception\NotFoundHttpException: No route found for "GET /Resources/public/jQuery/themes/jquerymobile/images/icons-18-white.png" (uncaught exception) at /Users/leninux/Sites/symfony/app/cache/prod/classes.php line 4564 [] []
[2012-06-14 21:15:26] request.ERROR: Symfony\Component\HttpKernel\Exception\NotFoundHttpException: No route found for "GET /images/album-bb.jpg" (uncaught exception) at /Users/leninux/Sites/symfony/vendor/symfony/src/Symfony/Bundle/FrameworkBundle/EventListener/RouterListener.php line 83 [] []
[2012-06-14 21:15:26] security.DEBUG: Read SecurityContext from the session [] []
[2012-06-14 21:15:26] security.DEBUG: Reloading user from user provider. [] []
[2012-06-14 21:15:26] security.DEBUG: Username "admin" was reloaded from user provider. [] []
[2012-06-14 21:15:26] request.ERROR: Symfony\Component\HttpKernel\Exception\NotFoundHttpException: No route found for "GET /Resources/public/jQuery/themes/jquerymobile/images/ajax-loader.gif" (uncaught exception) at /Users/leninux/Sites/symfony/vendor/symfony/src/Symfony/Bundle/FrameworkBundle/EventListener/RouterListener.php line 83 [] []
[2012-06-14 21:15:26] security.DEBUG: Write SecurityContext in the session [] []
[2012-06-14 21:15:26] security.DEBUG: Read SecurityContext from the session [] []
[2012-06-14 21:15:26] security.DEBUG: Reloading user from user provider. [] []
[2012-06-14 21:15:26] security.DEBUG: Username "admin" was reloaded from user provider. [] []
[2012-06-14 21:15:26] request.ERROR: Symfony\Component\HttpKernel\Exception\NotFoundHttpException: No route found for "GET /Resources/public/jQuery/themes/jquerymobile/images/icons-18-white.png" (uncaught exception) at /Users/leninux/Sites/symfony/vendor/symfony/src/Symfony/Bundle/FrameworkBundle/EventListener/RouterListener.php line 83 [] []
[2012-06-14 21:15:26] security.DEBUG: Write SecurityContext in the session [] []
[2012-06-14 21:15:37] security.DEBUG: Read SecurityContext from the session [] []
[2012-06-14 21:15:37] security.DEBUG: Reloading user from user provider. [] []
[2012-06-14 21:15:37] security.DEBUG: Username "admin" was reloaded from user provider. [] []
[2012-06-14 21:15:37] request.ERROR: Symfony\Component\HttpKernel\Exception\NotFoundHttpException: No route found for "GET /Resources/public/jQuery/themes/jquerymobile/images/ajax-loader.gif" (uncaught exception) at /Users/leninux/Sites/symfony/app/cache/prod/classes.php line 4564 [] []
[2012-06-14 21:15:37] security.DEBUG: Write SecurityContext in the session [] []
[2012-06-14 21:15:37] security.DEBUG: Read SecurityContext from the session [] []
[2012-06-14 21:15:37] security.DEBUG: Reloading user from user provider. [] []
[2012-06-14 21:15:37] security.DEBUG: Username "admin" was reloaded from user provider. [] []
[2012-06-14 21:15:37] request.ERROR: Symfony\Component\HttpKernel\Exception\NotFoundHttpException: No route found for "GET /Resources/public/jQuery/themes/jquerymobile/images/icons-18-white.png" (uncaught exception) at /Users/leninux/Sites/symfony/app/cache/prod/classes.php line 4564 [] []
[2012-06-14 21:15:37] security.DEBUG: Write SecurityContext in the session [] []
[2012-06-14 21:15:37] request.ERROR: Symfony\Component\HttpKernel\Exception\NotFoundHttpException: No route found for "GET /images/album-bb.jpg" (uncaught exception) at /Users/leninux/Sites/symfony/app/cache/prod/classes.php line 4564 [] []
[2012-06-15 01:05:33] request.ERROR: Symfony\Component\HttpKernel\Exception\NotFoundHttpException: No route found for "GET /images/album-bb.jpg" (uncaught exception) at /Users/leninux/Sites/symfony/app/cache/prod/classes.php line 4564 [] []
[2012-06-15 01:05:34] security.DEBUG: Read SecurityContext from the session [] []
[2012-06-15 01:05:34] security.DEBUG: Reloading user from user provider. [] []
[2012-06-15 01:05:34] security.DEBUG: Username "admin" was reloaded from user provider. [] []
[2012-06-15 01:05:34] request.ERROR: Symfony\Component\HttpKernel\Exception\NotFoundHttpException: No route found for "GET /Resources/public/jQuery/themes/jquerymobile/images/ajax-loader.gif" (uncaught exception) at /Users/leninux/Sites/symfony/app/cache/prod/classes.php line 4564 [] []
[2012-06-15 01:05:34] security.DEBUG: Write SecurityContext in the session [] []
[2012-06-15 01:05:34] security.DEBUG: Read SecurityContext from the session [] []
[2012-06-15 01:05:34] security.DEBUG: Reloading user from user provider. [] []
[2012-06-15 01:05:34] security.DEBUG: Username "admin" was reloaded from user provider. [] []
[2012-06-15 01:05:34] request.ERROR: Symfony\Component\HttpKernel\Exception\NotFoundHttpException: No route found for "GET /Resources/public/jQuery/themes/jquerymobile/images/icons-18-white.png" (uncaught exception) at /Users/leninux/Sites/symfony/app/cache/prod/classes.php line 4564 [] []
[2012-06-15 01:05:34] security.DEBUG: Write SecurityContext in the session [] []
[2012-06-15 21:12:29] security.DEBUG: Read SecurityContext from the session [] []
[2012-06-15 21:12:29] security.DEBUG: Reloading user from user provider. [] []
[2012-06-15 21:12:29] security.DEBUG: Username "admin" was reloaded from user provider. [] []
[2012-06-15 21:12:29] request.ERROR: Symfony\Component\HttpKernel\Exception\NotFoundHttpException: No route found for "GET /Resources/public/jQuery/themes/jquerymobile/images/icons-18-white.png" (uncaught exception) at /Users/leninux/Sites/symfony/app/cache/prod/classes.php line 4564 [] []
[2012-06-15 21:12:29] security.DEBUG: Write SecurityContext in the session [] []
[2012-06-15 21:12:29] request.ERROR: Symfony\Component\HttpKernel\Exception\NotFoundHttpException: No route found for "GET /images/album-bb.jpg" (uncaught exception) at /Users/leninux/Sites/symfony/app/cache/prod/classes.php line 4564 [] []
[2012-06-15 21:12:29] security.DEBUG: Read SecurityContext from the session [] []
[2012-06-15 21:12:29] security.DEBUG: Reloading user from user provider. [] []
[2012-06-15 21:12:29] security.DEBUG: Username "admin" was reloaded from user provider. [] []
[2012-06-15 21:12:29] request.ERROR: Symfony\Component\HttpKernel\Exception\NotFoundHttpException: No route found for "GET /Resources/public/jQuery/themes/jquerymobile/images/ajax-loader.gif" (uncaught exception) at /Users/leninux/Sites/symfony/app/cache/prod/classes.php line 4564 [] []
[2012-06-15 21:12:29] security.DEBUG: Write SecurityContext in the session [] []
